[debug] [2021-07-21T14:15:09.161Z] ----------------------------------------------------------------------
[debug] [2021-07-21T14:15:09.169Z] Command:       C:\Program Files\nodejs\node.exe C:\Users\Dell\AppData\Roaming\npm\node_modules\firebase-tools\lib\bin\firebase.js init
[debug] [2021-07-21T14:15:09.171Z] CLI Version:   9.16.0
[debug] [2021-07-21T14:15:09.172Z] Platform:      win32
[debug] [2021-07-21T14:15:09.172Z] Node Version:  v14.17.2
[debug] [2021-07-21T14:15:09.176Z] Time:          Wed Jul 21 2021 19:45:09 GMT+0530 (India Standard Time)
[debug] [2021-07-21T14:15:09.177Z] ----------------------------------------------------------------------
[debug] 
[debug] [2021-07-21T14:15:09.235Z] > command requires scopes: ["email","openid","https://www.googleapis.com/auth/cloudplatformprojects.readonly","https://www.googleapis.com/auth/firebase","https://www.googleapis.com/auth/cloud-platform"]
[debug] [2021-07-21T14:15:09.236Z] > authorizing via signed-in user (d.satishkumar1997@gmail.com)
[info] 
     ######## #### ########  ######## ########     ###     ######  ########
     ##        ##  ##     ## ##       ##     ##  ##   ##  ##       ##
     ######    ##  ########  ######   ########  #########  ######  ######
     ##        ##  ##    ##  ##       ##     ## ##     ##       ## ##
     ##       #### ##     ## ######## ########  ##     ##  ######  ########

You're about to initialize a Firebase project in this directory:

  C:\Users\Dell\Desktop\jst

[info] 
=== Project Setup
[info] 
[info] First, let's associate this project directory with a Firebase project.
[info] You can create multiple project aliases by running firebase use --add, 
[info] but for now we'll just set up a default project.
[info] 
[debug] [2021-07-21T14:15:31.836Z] >>> [apiv2][query] GET https://firebase.googleapis.com/v1beta1/projects pageSize=100
[debug] [2021-07-21T14:15:32.504Z] <<< [apiv2][status] GET https://firebase.googleapis.com/v1beta1/projects 200
[debug] [2021-07-21T14:15:32.504Z] <<< [apiv2][body] GET https://firebase.googleapis.com/v1beta1/projects [omitted]
[info] i  Using project jstechsoft-66294 (jstechsoft) 
[info] 
=== Hosting:github Setup
[info] 
[info] i  Didn't detect a .git folder. Assuming C:\Users\Dell\Desktop\jst is the project root. 
[info] i  Authorizing with GitHub to upload your service account to a GitHub repository's secrets store. 
[info] 
[info] Visit this URL on this device to log in:
[info] https://github.com/login/oauth/authorize?client_id=89cf50f02ac6aaed3484&state=120591203&redirect_uri=http%3A%2F%2Flocalhost%3A9005&scope=read%3Auser%20repo%20public_repo
[info] 
[info] Waiting for authentication...
[debug] [2021-07-21T14:15:38.736Z] >>> HTTP REQUEST POST https://github.com/login/oauth/access_token  
 {"client_id":"89cf50f02ac6aaed3484","client_secret":"3330d14abc895d9a74d5f17cd7a00711fa2c5bf0","code":"f28a4c663920acad4c9b","redirect_uri":"http://localhost:9005","state":"120591203"}
[debug] [2021-07-21T14:15:39.171Z] <<< HTTP RESPONSE 200 {"server":"GitHub.com","date":"Wed, 21 Jul 2021 14:15:39 GMT","content-type":"application/json; charset=utf-8","transfer-encoding":"chunked","vary":"X-PJAX, Accept-Encoding, Accept, X-Requested-With","permissions-policy":"interest-cohort=()","etag":"W/\"31059c859cbed5535795604bb8913308\"","cache-control":"max-age=0, private, must-revalidate","strict-transport-security":"max-age=31536000; includeSubdomains; preload","x-frame-options":"deny","x-content-type-options":"nosniff","x-xss-protection":"0","referrer-policy":"origin-when-cross-origin, strict-origin-when-cross-origin","expect-ct":"max-age=2592000, report-uri=\"https://api.github.com/_private/browser/errors\"","content-security-policy":"default-src 'none'; base-uri 'self'; block-all-mixed-content; connect-src 'self' uploads.github.com www.githubstatus.com collector.githubapp.com api.github.com github-cloud.s3.amazonaws.com github-production-repository-file-5c1aeb.s3.amazonaws.com github-production-upload-manifest-file-7fdce7.s3.amazonaws.com github-production-user-asset-6210df.s3.amazonaws.com cdn.optimizely.com logx.optimizely.com/v1/events translator.github.com wss://alive.github.com; font-src github.githubassets.com; form-action 'self' github.com gist.github.com; frame-ancestors 'none'; frame-src render.githubusercontent.com render-temp.githubusercontent.com viewscreen.githubusercontent.com; img-src 'self' data: github.githubassets.com identicons.github.com collector.githubapp.com github-cloud.s3.amazonaws.com secured-user-images.githubusercontent.com/ *.githubusercontent.com; manifest-src 'self'; media-src 'none'; script-src github.githubassets.com; style-src 'unsafe-inline' github.githubassets.com; worker-src github.com/socket-worker-3f088aa2.js gist.github.com/socket-worker-3f088aa2.js","x-github-request-id":"D4B8:7CC9:3E0747:44493E:60F82C0B"}
[debug] [2021-07-21T14:15:39.185Z] >>> [apiv2][query] GET https://api.github.com/user [none]
[debug] [2021-07-21T14:15:39.635Z] <<< [apiv2][status] GET https://api.github.com/user 200
[debug] [2021-07-21T14:15:39.636Z] <<< [apiv2][body] GET https://api.github.com/user {"login":"satish-13413","id":82381711,"node_id":"MDQ6VXNlcjgyMzgxNzEx","avatar_url":"https://avatars.githubusercontent.com/u/82381711?v=4","gravatar_id":"","url":"https://api.github.com/users/satish-13413","html_url":"https://github.com/satish-13413","followers_url":"https://api.github.com/users/satish-13413/followers","following_url":"https://api.github.com/users/satish-13413/following{/other_user}","gists_url":"https://api.github.com/users/satish-13413/gists{/gist_id}","starred_url":"https://api.github.com/users/satish-13413/starred{/owner}{/repo}","subscriptions_url":"https://api.github.com/users/satish-13413/subscriptions","organizations_url":"https://api.github.com/users/satish-13413/orgs","repos_url":"https://api.github.com/users/satish-13413/repos","events_url":"https://api.github.com/users/satish-13413/events{/privacy}","received_events_url":"https://api.github.com/users/satish-13413/received_events","type":"User","site_admin":false,"name":null,"company":null,"blog":"","location":null,"email":null,"hireable":null,"bio":null,"twitter_username":null,"public_repos":3,"public_gists":0,"followers":0,"following":0,"created_at":"2021-04-12T11:28:16Z","updated_at":"2021-07-17T07:39:09Z","private_gists":0,"total_private_repos":3,"owned_private_repos":3,"disk_usage":24255,"collaborators":1,"two_factor_authentication":false,"plan":{"name":"free","space":976562499,"collaborators":0,"private_repos":10000}}
[info] 
[info] +  Success! Logged into GitHub as satish-13413 
[info] 
